INFO    : Building target web
INFO    : XSL conversion of /project/source/main.ptx by /root/.ptx/2.41.2/core/xsl/utilities/pretext-enhanced-source.xsl
INFO    : successful application of /root/.ptx/2.41.2/core/xsl/utilities/pretext-enhanced-source.xsl
INFO    : Generating any needed assets.
INFO    : Finished generating assets.

INFO    : Preparing to build into /project/output/web.
INFO    : discovering source file's directory name: /project/source
INFO    : verifying and expanding input directory: /project/source/../generated-assets
INFO    : input directory expanded to absolute path: /project/generated-assets
INFO    : verifying and expanding input directory: /project/source/../assets
INFO    : input directory expanded to absolute path: /project/assets
INFO    : XSL conversion of /project/source/main.ptx by /root/.ptx/2.41.2/core/xsl/utilities/report-publisher-variables.xsl
INFO    : successful application of /root/.ptx/2.41.2/core/xsl/utilities/report-publisher-variables.xsl
INFO    : Downloading rs services file from https://runestone.academy/cdn/runestone/latest/webpack_static_imports.xml.
INFO    : Runestone Services via online CDN query: version 8.1.2
INFO    : Downloading Runestone Services, version 8.1.2
INFO    : Extracting Runestone Services from archive file
INFO    : Building custom css theme: theme-default-modern
INFO    : converting /project/source/main.ptx to HTML in /ptx-mi54omr8
INFO    : XSL conversion of /project/source/main.ptx by /root/.ptx/2.41.2/core/xsl/pretext-html.xsl
INFO    : messages from the log for XSL processing:
INFO    : * PTX:INFO:   checking all deprecated elements.
INFO    : successful application of /root/.ptx/2.41.2/core/xsl/pretext-html.xsl
INFO    : Removing temporary directory /ptx-mi54omr8
INFO    : Removing temporary directory /ptx-tpeswb7j
INFO    : 
Finished build for target web. Run `pretext view web` to see the results.

INFO    : 
Success!  Built requested target(s) without errors.

INFO    : 
